<?xml version="1.0" encoding="UTF-8"?>
<!-- Generated by org.testng.reporters.JUnitReportReporter -->
<testsuite hostname="DESKTOP-5I8QE3D" failures="0" tests="6" name="khanAcademy.KhanAcademy_hybrid" time="206.176" errors="0" timestamp="2022-12-12T22:37:02 IST" skipped="0">
  <testcase classname="khanAcademy.KhanAcademy_hybrid" name="sign_in" time="23.951"/>
  <system-out/>
  <testcase classname="khanAcademy.KhanAcademy_hybrid" name="language" time="43.701"/>
  <system-out/>
  <testcase classname="khanAcademy.KhanAcademy_hybrid" name="explore" time="44.459"/>
  <system-out/>
  <testcase classname="khanAcademy.KhanAcademy_hybrid" name="search" time="42.414"/>
  <system-out/>
  <testcase classname="khanAcademy.KhanAcademy_hybrid" name="Bookmarks" time="36.102"/>
  <system-out/>
  <testcase classname="khanAcademy.KhanAcademy_hybrid" name="signout" time="15.549"/>
  <system-out/>
</testsuite> <!-- khanAcademy.KhanAcademy_hybrid -->
